#
# There is insufficient memory for the Java Runtime Environment to continue.
# Native memory allocation (malloc) failed to allocate 32756 bytes for ChunkPool::allocate
# Possible reasons:
#   The system is out of physical RAM or swap space
#   In 32 bit mode, the process size limit was hit
# Possible solutions:
#   Reduce memory load on the system
#   Increase physical memory or swap space
#   Check if swap backing store is full
#   Use 64 bit Java on a 64 bit OS
#   Decrease Java heap size (-Xmx/-Xms)
#   Decrease number of Java threads
#   Decrease Java thread stack sizes (-Xss)
#   Set larger code cache with -XX:ReservedCodeCacheSize=
# This output file may be truncated or incomplete.
#
#  Out of Memory Error (allocation.cpp:273), pid=12016, tid=0x00000c3c
#
# JRE version: Java(TM) SE Runtime Environment (8.0_191-b12) (build 1.8.0_191-b12)
# Java VM: Java HotSpot(TM) Client VM (25.191-b12 mixed mode windows-x86 )
# Failed to write core dump. Minidumps are not enabled by default on client versions of Windows
#

---------------  T H R E A D  ---------------

Current thread (0x2592d000):  JavaThread "C1 CompilerThread0" daemon [_thread_in_native, id=3132, stack(0x25de0000,0x25e30000)]

Stack: [0x25de0000,0x25e30000],  sp=0x25e2eab8,  free space=314k
Native frames: (J=compiled Java code, j=interpreted, Vv=VM code, C=native code)
V  [jvm.dll+0x1acfeb]
V  [jvm.dll+0x1a56c8]
V  [jvm.dll+0x8de91]
V  [jvm.dll+0x8e06d]
V  [jvm.dll+0x8e4e7]
V  [jvm.dll+0xa5fd4]
V  [jvm.dll+0x1a43eb]
V  [jvm.dll+0x2a027d]
V  [jvm.dll+0x2a71c5]
V  [jvm.dll+0x2a8710]
V  [jvm.dll+0x2a8b29]
V  [jvm.dll+0x28d1a9]
V  [jvm.dll+0x28d27a]
V  [jvm.dll+0x28d3e8]
V  [jvm.dll+0x28d662]
V  [jvm.dll+0x7157a]
V  [jvm.dll+0x71d2f]
V  [jvm.dll+0x17f550]
V  [jvm.dll+0x17fdca]
V  [jvm.dll+0x1c57a6]
C  [msvcr100.dll+0x5c556]
C  [msvcr100.dll+0x5c600]
C  [KERNEL32.DLL+0x16359]
C  [ntdll.dll+0x67b74]
C  [ntdll.dll+0x67b44]
C  0x00000000


Current CompileTask:
C1:   2470 1438             processing.app.packages.UserLibrary::create (873 bytes)


---------------  P R O C E S S  ---------------

Java Threads: ( => current thread )
  0x27915c00 JavaThread "Multihomed mDNS.Timer" daemon [_thread_blocked, id=2644, stack(0x02570000,0x025c0000)]
  0x278e8400 JavaThread "cc.arduino.packages.discoverers.serial.SerialDiscovery" [_thread_in_native, id=3384, stack(0x28550000,0x285a0000)]
  0x2620e000 JavaThread "AWT-Windows" daemon [_thread_in_native, id=6264, stack(0x26790000,0x267e0000)]
  0x2620b800 JavaThread "Java2D Disposer" daemon [_thread_blocked, id=3160, stack(0x26670000,0x266c0000)]
  0x25924c00 JavaThread "Service Thread" daemon [_thread_blocked, id=6492, stack(0x25e70000,0x25ec0000)]
=>0x2592d000 JavaThread "C1 CompilerThread0" daemon [_thread_in_native, id=3132, stack(0x25de0000,0x25e30000)]
  0x2592b800 JavaThread "Attach Listener" daemon [_thread_blocked, id=1612, stack(0x25d50000,0x25da0000)]
  0x25929800 JavaThread "Signal Dispatcher" daemon [_thread_blocked, id=1876, stack(0x25890000,0x258e0000)]
  0x2590c400 JavaThread "Finalizer" daemon [_thread_blocked, id=12804, stack(0x25bc0000,0x25c10000)]
  0x25906800 JavaThread "Reference Handler" daemon [_thread_blocked, id=11888, stack(0x25b30000,0x25b80000)]
  0x02320400 JavaThread "main" [_thread_in_native, id=12372, stack(0x02460000,0x024b0000)]

Other Threads:
  0x258f0800 VMThread [stack: 0x047b0000,0x04800000] [id=6652]
  0x25927800 WatcherThread [stack: 0x25f00000,0x25f50000] [id=9396]

VM state:not at safepoint (normal execution)

VM Mutex/Monitor currently owned by a thread: None

Heap:
 def new generation   total 39424K, used 32161K [0x04800000, 0x072c0000, 0x0f2a0000)
  eden space 35072K,  79% used [0x04800000, 0x06328578, 0x06a40000)
  from space 4352K, 100% used [0x06e80000, 0x072c0000, 0x072c0000)
  to   space 4352K,   0% used [0x06a40000, 0x06a40000, 0x06e80000)
 tenured generation   total 87424K, used 30488K [0x0f2a0000, 0x14800000, 0x24800000)
   the space 87424K,  34% used [0x0f2a0000, 0x110661d0, 0x11066200, 0x14800000)
 Metaspace       used 17367K, capacity 17893K, committed 17920K, reserved 18816K

Card table byte_map: [0x04660000,0x04770000] byte_map_base: 0x0463c000

Polling page: 0x00620000

CodeCache: size=32768Kb used=2650Kb max_used=2658Kb free=30118Kb
 bounds [0x02660000, 0x02900000, 0x04660000]
 total_blobs=1674 nmethods=1415 adapters=189
 compilation: enabled

Compilation events (10 events):
Event: 2.439 Thread 0x2592d000 nmethod 1432 0x028f7a48 code [0x028f7b50, 0x028f7c5c]
Event: 2.439 Thread 0x2592d000 1433             sun.text.normalizer.CharTrie::unserialize (74 bytes)
Event: 2.439 Thread 0x2592d000 nmethod 1433 0x028f7d08 code [0x028f7e30, 0x028f821c]
Event: 2.444 Thread 0x2592d000 1434             java.security.Provider$ServiceKey::hashCode (16 bytes)
Event: 2.444 Thread 0x2592d000 nmethod 1434 0x028f8488 code [0x028f8590, 0x028f8658]
Event: 2.444 Thread 0x2592d000 1435             java.nio.ByteBuffer::hasArray (20 bytes)
Event: 2.445 Thread 0x2592d000 nmethod 1435 0x028f8708 code [0x028f8800, 0x028f88b0]
Event: 2.447 Thread 0x2592d000 1437             java.nio.Buffer::remaining (10 bytes)
Event: 2.447 Thread 0x2592d000 nmethod 1437 0x028f8b88 code [0x028f8c80, 0x028f8d00]
Event: 2.450 Thread 0x2592d000 1438             processing.app.packages.UserLibrary::create (873 bytes)

GC Heap History (8 events):
Event: 0.829 GC heap before
{Heap before GC invocations=0 (full 0):
 def new generation   total 39296K, used 34944K [0x04800000, 0x072a0000, 0x0f2a0000)
  eden space 34944K, 100% used [0x04800000, 0x06a20000, 0x06a20000)
  from space 4352K,   0% used [0x06a20000, 0x06a20000, 0x06e60000)
  to   space 4352K,   0% used [0x06e60000, 0x06e60000, 0x072a0000)
 tenured generation   total 87424K, used 0K [0x0f2a0000, 0x14800000, 0x24800000)
   the space 87424K,   0% used [0x0f2a0000, 0x0f2a0000, 0x0f2a0200, 0x14800000)
 Metaspace       used 10098K, capacity 10257K, committed 10368K, reserved 10624K
Event: 0.840 GC heap after
Heap after GC invocations=1 (full 0):
 def new generation   total 39296K, used 4352K [0x04800000, 0x072a0000, 0x0f2a0000)
  eden space 34944K,   0% used [0x04800000, 0x04800000, 0x06a20000)
  from space 4352K, 100% used [0x06e60000, 0x072a0000, 0x072a0000)
  to   space 4352K,   0% used [0x06a20000, 0x06a20000, 0x06e60000)
 tenured generation   total 87424K, used 2883K [0x0f2a0000, 0x14800000, 0x24800000)
   the space 87424K,   3% used [0x0f2a0000, 0x0f570f70, 0x0f571000, 0x14800000)
 Metaspace       used 10098K, capacity 10257K, committed 10368K, reserved 10624K
}
Event: 1.209 GC heap before
{Heap before GC invocations=1 (full 0):
 def new generation   total 39296K, used 39296K [0x04800000, 0x072a0000, 0x0f2a0000)
  eden space 34944K, 100% used [0x04800000, 0x06a20000, 0x06a20000)
  from space 4352K, 100% used [0x06e60000, 0x072a0000, 0x072a0000)
  to   space 4352K,   0% used [0x06a20000, 0x06a20000, 0x06e60000)
 tenured generation   total 87424K, used 2883K [0x0f2a0000, 0x14800000, 0x24800000)
   the space 87424K,   3% used [0x0f2a0000, 0x0f570f70, 0x0f571000, 0x14800000)
 Metaspace       used 11367K, capacity 11775K, committed 11776K, reserved 12672K
Event: 1.222 GC heap after
Heap after GC invocations=2 (full 0):
 def new generation   total 39296K, used 4352K [0x04800000, 0x072a0000, 0x0f2a0000)
  eden space 34944K,   0% used [0x04800000, 0x04800000, 0x06a20000)
  from space 4352K, 100% used [0x06a20000, 0x06e60000, 0x06e60000)
  to   space 4352K,   0% used [0x06e60000, 0x06e60000, 0x072a0000)
 tenured generation   total 87424K, used 6221K [0x0f2a0000, 0x14800000, 0x24800000)
   the space 87424K,   7% used [0x0f2a0000, 0x0f8b37b8, 0x0f8b3800, 0x14800000)
 Metaspace       used 11367K, capacity 11775K, committed 11776K, reserved 12672K
}
Event: 1.352 GC heap before
{Heap before GC invocations=2 (full 0):
 def new generation   total 39296K, used 32467K [0x04800000, 0x072a0000, 0x0f2a0000)
  eden space 34944K,  80% used [0x04800000, 0x06374db0, 0x06a20000)
  from space 4352K, 100% used [0x06a20000, 0x06e60000, 0x06e60000)
  to   space 4352K,   0% used [0x06e60000, 0x06e60000, 0x072a0000)
 tenured generation   total 87424K, used 6221K [0x0f2a0000, 0x14800000, 0x24800000)
   the space 87424K,   7% used [0x0f2a0000, 0x0f8b37b8, 0x0f8b3800, 0x14800000)
 Metaspace       used 11834K, capacity 12286K, committed 12288K, reserved 12672K
Event: 1.404 GC heap after
Heap after GC invocations=3 (full 1):
 def new generation   total 39424K, used 0K [0x04800000, 0x072c0000, 0x0f2a0000)
  eden space 35072K,   0% used [0x04800000, 0x04800000, 0x06a40000)
  from space 4352K,   0% used [0x06a40000, 0x06a40000, 0x06e80000)
  to   space 4352K,   0% used [0x06e80000, 0x06e80000, 0x072c0000)
 tenured generation   total 87424K, used 29775K [0x0f2a0000, 0x14800000, 0x24800000)
   the space 87424K,  34% used [0x0f2a0000, 0x10fb3df8, 0x10fb3e00, 0x14800000)
 Metaspace       used 11834K, capacity 12286K, committed 12288K, reserved 12672K
}
Event: 2.052 GC heap before
{Heap before GC invocations=3 (full 1):
 def new generation   total 39424K, used 35072K [0x04800000, 0x072c0000, 0x0f2a0000)
  eden space 35072K, 100% used [0x04800000, 0x06a40000, 0x06a40000)
  from space 4352K,   0% used [0x06a40000, 0x06a40000, 0x06e80000)
  to   space 4352K,   0% used [0x06e80000, 0x06e80000, 0x072c0000)
 tenured generation   total 87424K, used 29775K [0x0f2a0000, 0x14800000, 0x24800000)
   the space 87424K,  34% used [0x0f2a0000, 0x10fb3df8, 0x10fb3e00, 0x14800000)
 Metaspace       used 16565K, capacity 17065K, committed 17152K, reserved 17792K
Event: 2.061 GC heap after
Heap after GC invocations=4 (full 1):
 def new generation   total 39424K, used 4352K [0x04800000, 0x072c0000, 0x0f2a0000)
  eden space 35072K,   0% used [0x04800000, 0x04800000, 0x06a40000)
  from space 4352K, 100% used [0x06e80000, 0x072c0000, 0x072c0000)
  to   space 4352K,   0% used [0x06a40000, 0x06a40000, 0x06e80000)
 tenured generation   total 87424K, used 30488K [0x0f2a0000, 0x14800000, 0x24800000)
   the space 87424K,  34% used [0x0f2a0000, 0x110661d0, 0x11066200, 0x14800000)
 Metaspace       used 16565K, capacity 17065K, committed 17152K, reserved 17792K
}

Deoptimization events (0 events):
No events

Classes redefined (0 events):
No events

Internal exceptions (10 events):
Event: 2.442 Thread 0x02320400 Exception <a 'sun/nio/fs/WindowsException'> (0x05e64aa8) thrown at [C:\workspace\8-2-build-windows-i586-cygwin\jdk8u191\11896\hotspot\src\share\vm\prims\jni.cpp, line 709]
Event: 2.442 Thread 0x02320400 Exception <a 'sun/nio/fs/WindowsException'> (0x05e65078) thrown at [C:\workspace\8-2-build-windows-i586-cygwin\jdk8u191\11896\hotspot\src\share\vm\prims\jni.cpp, line 709]
Event: 2.445 Thread 0x02320400 Exception <a 'sun/nio/fs/WindowsException'> (0x05e6f640) thrown at [C:\workspace\8-2-build-windows-i586-cygwin\jdk8u191\11896\hotspot\src\share\vm\prims\jni.cpp, line 709]
Event: 2.445 Thread 0x02320400 Exception <a 'sun/nio/fs/WindowsException'> (0x05e6fbf8) thrown at [C:\workspace\8-2-build-windows-i586-cygwin\jdk8u191\11896\hotspot\src\share\vm\prims\jni.cpp, line 709]
Event: 2.448 Thread 0x02320400 Exception <a 'sun/nio/fs/WindowsException'> (0x05e79888) thrown at [C:\workspace\8-2-build-windows-i586-cygwin\jdk8u191\11896\hotspot\src\share\vm\prims\jni.cpp, line 709]
Event: 2.448 Thread 0x02320400 Exception <a 'sun/nio/fs/WindowsException'> (0x05e79e30) thrown at [C:\workspace\8-2-build-windows-i586-cygwin\jdk8u191\11896\hotspot\src\share\vm\prims\jni.cpp, line 709]
Event: 2.450 Thread 0x02320400 Exception <a 'sun/nio/fs/WindowsException'> (0x05e852c0) thrown at [C:\workspace\8-2-build-windows-i586-cygwin\jdk8u191\11896\hotspot\src\share\vm\prims\jni.cpp, line 709]
Event: 2.450 Thread 0x02320400 Exception <a 'sun/nio/fs/WindowsException'> (0x05e85840) thrown at [C:\workspace\8-2-build-windows-i586-cygwin\jdk8u191\11896\hotspot\src\share\vm\prims\jni.cpp, line 709]
Event: 2.453 Thread 0x02320400 Exception <a 'sun/nio/fs/WindowsException'> (0x05e9c8f8) thrown at [C:\workspace\8-2-build-windows-i586-cygwin\jdk8u191\11896\hotspot\src\share\vm\prims\jni.cpp, line 709]
Event: 2.453 Thread 0x02320400 Exception <a 'sun/nio/fs/WindowsException'> (0x05e9cea0) thrown at [C:\workspace\8-2-build-windows-i586-cygwin\jdk8u191\11896\hotspot\src\share\vm\prims\jni.cpp, line 709]

Events (10 events):
Event: 2.441 loading class java/net/Socket$3 done
Event: 2.441 loading class java/net/SocketOutputStream
Event: 2.441 loading class java/net/SocketOutputStream done
Event: 2.441 loading class sun/security/ssl/ClientHandshaker
Event: 2.442 loading class sun/security/ssl/Handshaker
Event: 2.442 loading class sun/security/ssl/Handshaker done
Event: 2.442 loading class sun/security/ssl/ClientHandshaker done
Event: 2.443 loading class javax/crypto/KeyGenerator
Event: 2.443 loading class javax/crypto/KeyGenerator done
Event: 2.447 Thread 0x2592d000 flushing nmethod 0x0285cd88


Dynamic libraries:
0x008f0000 - 0x00923000 	C:\Program Files (x86)\Arduino\java\bin\javaw.exe
0x77220000 - 0x773ba000 	C:\WINDOWS\SYSTEM32\ntdll.dll
0x758b0000 - 0x75990000 	C:\WINDOWS\System32\KERNEL32.DLL
0x75030000 - 0x7522c000 	C:\WINDOWS\System32\KERNELBASE.dll
0x75ab0000 - 0x75b29000 	C:\WINDOWS\System32\ADVAPI32.dll
0x76770000 - 0x7682f000 	C:\WINDOWS\System32\msvcrt.dll
0x76170000 - 0x761e6000 	C:\WINDOWS\System32\sechost.dll
0x74f70000 - 0x7502b000 	C:\WINDOWS\System32\RPCRT4.dll
0x749f0000 - 0x74a10000 	C:\WINDOWS\System32\SspiCli.dll
0x749e0000 - 0x749ea000 	C:\WINDOWS\System32\CRYPTBASE.dll
0x75e20000 - 0x75e7f000 	C:\WINDOWS\System32\bcryptPrimitives.dll
0x74ac0000 - 0x74c57000 	C:\WINDOWS\System32\USER32.dll
0x75b30000 - 0x75b47000 	C:\WINDOWS\System32\win32u.dll
0x76850000 - 0x76871000 	C:\WINDOWS\System32\GDI32.dll
0x75cb0000 - 0x75e0a000 	C:\WINDOWS\System32\gdi32full.dll
0x74d60000 - 0x74ddc000 	C:\WINDOWS\System32\msvcp_win.dll
0x75990000 - 0x75aaf000 	C:\WINDOWS\System32\ucrtbase.dll
0x71ca0000 - 0x71eaf000 	C:\WINDOWS\WinSxS\x86_microsoft.windows.common-controls_6595b64144ccf1df_6.0.18362.592_none_2e6de868278ee708\COMCTL32.dll
0x76ec0000 - 0x77136000 	C:\WINDOWS\System32\combase.dll
0x75870000 - 0x75895000 	C:\WINDOWS\System32\IMM32.DLL
0x63cc0000 - 0x63d7f000 	C:\Program Files (x86)\Arduino\java\bin\msvcr100.dll
0x638e0000 - 0x63cb3000 	C:\Program Files (x86)\Arduino\java\bin\client\jvm.dll
0x75ff0000 - 0x75ff6000 	C:\WINDOWS\System32\PSAPI.DLL
0x73f70000 - 0x73f94000 	C:\WINDOWS\SYSTEM32\WINMM.dll
0x73a50000 - 0x73a58000 	C:\WINDOWS\SYSTEM32\VERSION.dll
0x74840000 - 0x74848000 	C:\WINDOWS\SYSTEM32\WSOCK32.dll
0x77140000 - 0x7719e000 	C:\WINDOWS\System32\WS2_32.dll
0x73c50000 - 0x73c73000 	C:\WINDOWS\SYSTEM32\winmmbase.dll
0x75fb0000 - 0x75feb000 	C:\WINDOWS\System32\cfgmgr32.dll
0x6a8f0000 - 0x6a920000 	C:\Program Files (x86)\Arduino\java\bin\splashscreen.dll
0x74850000 - 0x748ca000 	C:\WINDOWS\system32\uxtheme.dll
0x6a8e0000 - 0x6a8ec000 	C:\Program Files (x86)\Arduino\java\bin\verify.dll
0x63e90000 - 0x63eb2000 	C:\Program Files (x86)\Arduino\java\bin\java.dll
0x75ba0000 - 0x75ca3000 	C:\WINDOWS\System32\MSCTF.dll
0x75f10000 - 0x75fa2000 	C:\WINDOWS\System32\OLEAUT32.dll
0x63e70000 - 0x63e84000 	C:\Program Files (x86)\Arduino\java\bin\zip.dll
0x75860000 - 0x7586f000 	C:\WINDOWS\System32\kernel.appcore.dll
0x6ac60000 - 0x6ace4000 	C:\WINDOWS\System32\TextInputFramework.dll
0x6a7d0000 - 0x6a859000 	C:\WINDOWS\System32\CoreMessaging.dll
0x6a930000 - 0x6ab8e000 	C:\WINDOWS\System32\CoreUIComponents.dll
0x75e80000 - 0x75f04000 	C:\WINDOWS\System32\SHCORE.dll
0x73740000 - 0x73769000 	C:\WINDOWS\SYSTEM32\ntmarta.dll
0x6eb20000 - 0x6ebfa000 	C:\WINDOWS\SYSTEM32\wintypes.dll
0x70870000 - 0x70a99000 	C:\WINDOWS\System32\iertutil.dll
0x761f0000 - 0x7676a000 	C:\WINDOWS\System32\SHELL32.dll
0x75230000 - 0x757f5000 	C:\WINDOWS\System32\windows.storage.dll
0x76830000 - 0x76847000 	C:\WINDOWS\System32\profapi.dll
0x76ce0000 - 0x76d23000 	C:\WINDOWS\System32\powrprof.dll
0x75e10000 - 0x75e1d000 	C:\WINDOWS\System32\UMPDC.dll
0x75b50000 - 0x75b94000 	C:\WINDOWS\System32\shlwapi.dll
0x76ea0000 - 0x76eb3000 	C:\WINDOWS\System32\cryptsp.dll
0x61940000 - 0x619b3000 	C:\Program Files (x86)\Arduino\lib\listSerialsj.dll
0x76890000 - 0x76cd9000 	C:\WINDOWS\System32\SETUPAPI.dll
0x76140000 - 0x76159000 	C:\WINDOWS\System32\bcrypt.dll
0x638c0000 - 0x638dd000 	C:\Program Files (x86)\Arduino\lib\jnidispatch-4.2.2-win32-x86.dll
0x74e70000 - 0x74f67000 	C:\WINDOWS\System32\Ole32.dll
0x638a0000 - 0x638b5000 	C:\Program Files (x86)\Arduino\java\bin\net.dll
0x73940000 - 0x73992000 	C:\WINDOWS\system32\mswsock.dll
0x63890000 - 0x6389f000 	C:\Program Files (x86)\Arduino\java\bin\nio.dll
0x63740000 - 0x63887000 	C:\Program Files (x86)\Arduino\java\bin\awt.dll
0x71520000 - 0x715bf000 	C:\WINDOWS\SYSTEM32\apphelp.dll
0x6ff30000 - 0x6ff55000 	C:\WINDOWS\system32\DWMAPI.DLL
0x63700000 - 0x63739000 	C:\Program Files (x86)\Arduino\java\bin\fontmanager.dll
0x63600000 - 0x636ff000 	C:\WINDOWS\system32\opengl32.dll
0x635c0000 - 0x635ff000 	C:\WINDOWS\SYSTEM32\GLU32.dll
0x6f600000 - 0x6f619000 	C:\WINDOWS\SYSTEM32\dxcore.dll
0x63580000 - 0x635b2000 	C:\Program Files (x86)\Arduino\java\bin\t2k.dll
0x63570000 - 0x6357a000 	C:\Program Files (x86)\Arduino\java\bin\management.dll
0x63550000 - 0x63561000 	C:\WINDOWS\system32\napinsp.dll
0x63530000 - 0x63546000 	C:\WINDOWS\system32\pnrpnsp.dll
0x739b0000 - 0x73a41000 	C:\WINDOWS\SYSTEM32\DNSAPI.dll
0x76880000 - 0x76887000 	C:\WINDOWS\System32\NSI.dll
0x73d60000 - 0x73d92000 	C:\WINDOWS\SYSTEM32\IPHLPAPI.DLL
0x63520000 - 0x6352b000 	C:\WINDOWS\System32\winrnr.dll
0x6b680000 - 0x6b696000 	C:\WINDOWS\system32\NLAapi.dll
0x63510000 - 0x63520000 	C:\WINDOWS\system32\wshbth.dll
0x73790000 - 0x737e1000 	C:\WINDOWS\System32\fwpuclnt.dll
0x737f0000 - 0x737f8000 	C:\Windows\System32\rasadhlp.dll
0x736b0000 - 0x736c3000 	C:\WINDOWS\SYSTEM32\dhcpcsvc6.DLL
0x736d0000 - 0x736e5000 	C:\WINDOWS\SYSTEM32\dhcpcsvc.DLL
0x73710000 - 0x7373f000 	C:\WINDOWS\system32\rsaenh.dll
0x73c30000 - 0x73c4e000 	C:\WINDOWS\SYSTEM32\USERENV.dll
0x738f0000 - 0x73913000 	C:\WINDOWS\SYSTEM32\DEVOBJ.dll
0x771c0000 - 0x77206000 	C:\WINDOWS\System32\WINTRUST.dll
0x76160000 - 0x7616e000 	C:\WINDOWS\System32\MSASN1.dll
0x74c60000 - 0x74d5b000 	C:\WINDOWS\System32\CRYPT32.dll
0x634f0000 - 0x63510000 	C:\Program Files (x86)\Arduino\java\bin\sunec.dll
0x634e0000 - 0x634e9000 	C:\Program Files (x86)\Arduino\java\bin\sunmscapi.dll

VM Arguments:
jvm_args: -Dsun.java2d.d3d=false -Djna.nosys=true -Djna.nounpack=true -Djna.boot.library.name=jnidispatch-4.2.2-win32-x86 -Djna.boot.library.path=C:\Program Files (x86)\Arduino/lib -Djssc.library.path=C:\Program Files (x86)\Arduino/lib -DAPP_DIR=C:\Program Files (x86)\Arduino -Xms128M -Xmx512M -Dfile.encoding=UTF8 -Djava.net.preferIPv4Stack=true 
java_command: processing.app.Base C:\Users\Test\Documents\GitHub\PetYou\GPSext_LTE_B_PET\GPSext_LTE_B_PET.ino
java_class_path (initial): C:\Program Files (x86)\Arduino\lib\apple.jar;C:\Program Files (x86)\Arduino\lib\arduino-core.jar;C:\Program Files (x86)\Arduino\lib\batik-1.8.jar;C:\Program Files (x86)\Arduino\lib\batik-anim-1.8.jar;C:\Program Files (x86)\Arduino\lib\batik-awt-util-1.8.jar;C:\Program Files (x86)\Arduino\lib\batik-bridge-1.8.jar;C:\Program Files (x86)\Arduino\lib\batik-codec-1.8.jar;C:\Program Files (x86)\Arduino\lib\batik-css-1.8.jar;C:\Program Files (x86)\Arduino\lib\batik-dom-1.8.jar;C:\Program Files (x86)\Arduino\lib\batik-ext-1.8.jar;C:\Program Files (x86)\Arduino\lib\batik-gvt-1.8.jar;C:\Program Files (x86)\Arduino\lib\batik-parser-1.8.jar;C:\Program Files (x86)\Arduino\lib\batik-rasterizer-1.8.jar;C:\Program Files (x86)\Arduino\lib\batik-script-1.8.jar;C:\Program Files (x86)\Arduino\lib\batik-squiggle-1.8.jar;C:\Program Files (x86)\Arduino\lib\batik-svg-dom-1.8.jar;C:\Program Files (x86)\Arduino\lib\batik-svgpp-1.8.jar;C:\Program Files (x86)\Arduino\lib\batik-transcoder-1.8.jar;C:\Program Files (x86)\Arduino\lib\batik-util-1.8.jar;C:\Program Files (x86)\Arduino\lib\batik-xml-1.8.jar;C:\Program Files (x86)\Arduino\lib\bcpg-jdk15on-152.jar;C:\Program Files (x86)\Arduino\lib\bcprov-jdk15on-152.jar;C:\Program Files (x86)\Arduino\lib\commons-codec-1.7.jar;C:\Program Files (x86)\Arduino\lib\commons-compress-1.8.jar;C:\Program Files (x86)\Arduino\lib\commons-exec-1.1.jar;C:\Program Files (x86)\Arduino\lib\commons-httpclient-3.1.jar;C:\Program Files (x86)\Arduino\lib\commons-lang3-3.8.1.jar;C:\Program Files (x86)\Arduino\lib\commons-logging-1.0.4.jar;C:\Program Files (x86)\Arduino\lib\commons-net-3.3.jar;C:\Program Files (x86)\Arduino\lib\commons-io-2.6.jar;C:\Program Files (x86)\Arduino\lib\jackson-annotations-2.9.5.jar;C:\Program Files (x86)\Arduino\lib\jackson-core-2.9.5.jar;C:\Program Files (x86)\Arduino\lib\jackson-databind-2.9.5.jar;C:\Program Files (x86)\Arduino\lib\jackson-module-mrbean-2.9.5.jar;C:\Program Files (x86)\Arduino\lib\java-semver-0.8.
Launcher Type: SUN_STANDARD

Environment Variables:
PATH=C:\Python27\;C:\Python27\Scripts;C:\Program Files (x86)\Common Files\Oracle\Java\javapath;C:\ProgramData\Oracle\Java\javapath;C:\WINDOWS\system32;C:\WINDOWS;C:\WINDOWS\System32\Wbem;C:\WINDOWS\System32\WindowsPowerShell\v1.0\;C:\Python27;"C:\Python27\;C:\Python27\Scripts\";C:\Program Files\PuTTY\;C:\WINDOWS\System32\OpenSSH\;C:\Program Files\Java\jdk1.8.0_181\bin;C:\Program Files\Java\jdk1.6.0_30\bin\javac.exe;C:\Users\Test\Downloads\geckodriver-v0.24.0-win64;C:\Program Files\nodejs\;C:\ProgramData\chocolatey\bin;C:\Users\Test\AppData\Local\Microsoft\WindowsApps;"C:\Python27\;C:\Python27\Scripts\";C:\Program Files\Java\jdk1.6.0_30\bin\javac.exe;C:\Users\Test\AppData\Local\GitHubDesktop\bin;C:\Users\Test\AppData\Roaming\npm;%USERPROFILE%\AppData\Local\Microsoft\WindowsApps;;C:\Program Files (x86)\Arduino\java\bin
USERNAME=Test
OS=Windows_NT
PROCESSOR_IDENTIFIER=Intel64 Family 6 Model 61 Stepping 4, GenuineIntel



---------------  S Y S T E M  ---------------

OS: Windows 10.0 , 64 bit Build 18362 (10.0.18362.329)

CPU:total 4 (initial active 4) (2 cores per cpu, 2 threads per core) family 6 model 61 stepping 4, cmov, cx8, fxsr, mmx, sse, sse2, sse3, ssse3, sse4.1, sse4.2, popcnt, avx, avx2, aes, clmul, erms, rtm, 3dnowpref, lzcnt, ht, tsc, tscinvbit, bmi1, bmi2, adx

Memory: 4k page, physical 8077552k(2753304k free), swap 33243376k(2288k free)

vm_info: Java HotSpot(TM) Client VM (25.191-b12) for windows-x86 JRE (1.8.0_191-b12), built on Oct  6 2018 08:34:23 by "java_re" with MS VC++ 10.0 (VS2010)

time: Tue Feb 11 11:53:23 2020
elapsed time: 2 seconds (0d 0h 0m 2s)

